<?xml version="1.0" encoding="UTF-8"?>
<testsuite xmlns:xsi="http://www.w3.org/2001/XMLSchema-instance" xsi:noNamespaceSchemaLocation="https://maven.apache.org/surefire/maven-surefire-plugin/xsd/surefire-test-report-3.0.xsd" version="3.0" name="pt.projetopcd.iskahoot.QuestionLoaderTest" time="0.063" tests="1" errors="0" skipped="0" failures="0">
  <properties>
[...]
</properties>
  <testcase name="testLoadQuestions" classname="pt.projetopcd.iskahoot.QuestionLoaderTest" time="0.048">
    <system-out><![CDATA[
===== PERGUNTAS CARREGADAS =====
Total: 7

--- Pergunta 1 ---
Texto: O que é uma thread?
Pontos: 5
Resposta correta index: 3
Opções:
  0 -> Processo
  1 -> Aplicação
  2 -> Programa
  3 -> Processo Ligeiro

--- Pergunta 2 ---
Texto: Qual destas opções não é um método bloqueante?
Pontos: 5
Resposta correta index: 2
Opções:
  0 -> join()
  1 -> sleep(<millis>)
  2 -> interrupted()
  3 -> wait()

--- Pergunta 3 ---
Texto: Qual é a vantagem de usar ThreadLocalRandom.current().nextInt() em vez de Random().nextInt()?
Pontos: 3
Resposta correta index: 0
Opções:
  0 -> Para garantir que outras threads não usem a mesma seed na geração de números aleatórios
  1 -> Para outros programadores saberem quem chama aquela função é uma thread
  2 -> Para o JVM saber que o programa que chama a função é uma thread
  3 -> Nenhuma das anteriores

--- Pergunta 4 ---
Texto: Qual é o número máximo de threads que podem existir num sistema operativo?
Pontos: 5
Resposta correta index: 3
Opções:
  0 -> Duas vezes o número de cores
  1 -> Igual ao número de cores
  2 -> 16 mil threads
  3 -> Não existe limite

--- Pergunta 5 ---
Texto: Qual o nome do primeiro animal a ir ao espaço?
Pontos: 5
Resposta correta index: 0
Opções:
  0 -> Laika
  1 -> Gagarin
  2 -> Max
  3 -> Macaco Tião

--- Pergunta 6 ---
Texto: Como se chamava a esposa de William Shakespeare?
Pontos: 5
Resposta correta index: 3
Opções:
  0 -> Sandra Bullock
  1 -> Kate Winslet
  2 -> Parker Posey
  3 -> Anne Hathaway

--- Pergunta 7 ---
Texto: Qual o político português que liderou o maior número de governos depois do 25 de Abril?
Pontos: 5
Resposta correta index: 1
Opções:
  0 -> Cavaco Silva
  1 -> Vasco Gonçalves
  2 -> Mário Soares
  3 -> Francisco Balsemão

===== FIM =====

]]></system-out>
  </testcase>
</testsuite>